mar. 08, 2025 12:52:52 PM liquibase.changelog
INFO: Reading resource: db/changelog/migrations/db.changelog-202503071844.sql
mar. 08, 2025 12:52:53 PM liquibase.changelog
INFO: Reading resource: db/changelog/migrations/db.changelog-202503081158.sql
mar. 08, 2025 12:52:53 PM liquibase.changelog
INFO: Reading resource: db/changelog/migrations/db.changelog-202503081236.sql
mar. 08, 2025 12:52:53 PM liquibase.changelog
INFO: Reading resource: db/changelog/migrations/db.changelog-202503081239.sql
mar. 08, 2025 12:52:53 PM liquibase.changelog
INFO: Reading from board.databasechangelog
Database is up to date, no changesets to execute
mar. 08, 2025 12:52:53 PM liquibase.changelog
INFO: Reading from board.databasechangelog

UPDATE SUMMARY
Run:                          0
Previously run:               4
Filtered out:                 0
-------------------------------
Total change sets:            4

mar. 08, 2025 12:52:53 PM liquibase.util
INFO: UPDATE SUMMARY
mar. 08, 2025 12:52:53 PM liquibase.util
INFO: Run:                          0
mar. 08, 2025 12:52:53 PM liquibase.util
INFO: Previously run:               4
mar. 08, 2025 12:52:53 PM liquibase.util
INFO: Filtered out:                 0
mar. 08, 2025 12:52:53 PM liquibase.util
INFO: -------------------------------
mar. 08, 2025 12:52:53 PM liquibase.util
INFO: Total change sets:            4
mar. 08, 2025 12:52:53 PM liquibase.util
INFO: Update summary generated
mar. 08, 2025 12:52:53 PM liquibase.lockservice
INFO: Successfully released change log lock
mar. 08, 2025 12:52:53 PM liquibase.command
INFO: Command execution complete
